<?xml version="1.0" encoding="UTF-8"?>
<!-- Generated by org.testng.reporters.JUnitXMLReporter -->
<testsuite ignored="19" hostname="apples-MacBook-Air.local" failures="0" tests="1" name="Default test" time="15.384" errors="0" timestamp="2023-10-19T16:53:07 IST">
  <testcase classname="FacilGoLogin.TestCases" name="testcase7" time="6.895"/>
  <testcase classname="FacilGoLogin.TestCases" name="testcase14" time="0.0">
    <ignored/>
  </testcase> <!-- testcase14 -->
  <testcase classname="FacilGoLogin.TestCases" name="testcase25" time="0.0">
    <ignored/>
  </testcase> <!-- testcase25 -->
  <testcase classname="FacilGoLogin.TestCases" name="testcase22" time="0.0">
    <ignored/>
  </testcase> <!-- testcase22 -->
  <testcase classname="FacilGoLogin.TestCases" name="testcase23" time="0.0">
    <ignored/>
  </testcase> <!-- testcase23 -->
  <testcase classname="FacilGoLogin.TestCases" name="testcase20" time="0.0">
    <ignored/>
  </testcase> <!-- testcase20 -->
  <testcase classname="FacilGoLogin.TestCases" name="testcase15" time="0.0">
    <ignored/>
  </testcase> <!-- testcase15 -->
  <testcase classname="FacilGoLogin.TestCases" name="testcase16" time="0.0">
    <ignored/>
  </testcase> <!-- testcase16 -->
  <testcase classname="FacilGoLogin.TestCases" name="testcase24" time="0.0">
    <ignored/>
  </testcase> <!-- testcase24 -->
  <testcase classname="FacilGoLogin.TestCases" name="testcase19" time="0.0">
    <ignored/>
  </testcase> <!-- testcase19 -->
  <testcase classname="FacilGoLogin.TestCases" name="testcase1" time="0.0">
    <ignored/>
  </testcase> <!-- testcase1 -->
  <testcase classname="FacilGoLogin.TestCases" name="testcase21" time="0.0">
    <ignored/>
  </testcase> <!-- testcase21 -->
  <testcase classname="FacilGoLogin.TestCases" name="testcase10" time="0.0">
    <ignored/>
  </testcase> <!-- testcase10 -->
  <testcase classname="FacilGoLogin.TestCases" name="testcase8" time="0.0">
    <ignored/>
  </testcase> <!-- testcase8 -->
  <testcase classname="FacilGoLogin.TestCases" name="testcase9" time="0.0">
    <ignored/>
  </testcase> <!-- testcase9 -->
  <testcase classname="FacilGoLogin.TestCases" name="testcase4" time="0.0">
    <ignored/>
  </testcase> <!-- testcase4 -->
  <testcase classname="FacilGoLogin.TestCases" name="testcase18" time="0.0">
    <ignored/>
  </testcase> <!-- testcase18 -->
  <testcase classname="FacilGoLogin.TestCases" name="testcase2" time="0.0">
    <ignored/>
  </testcase> <!-- testcase2 -->
  <testcase classname="FacilGoLogin.TestCases" name="testcase5" time="0.0">
    <ignored/>
  </testcase> <!-- testcase5 -->
  <testcase classname="FacilGoLogin.TestCases" name="testcase3" time="0.0">
    <ignored/>
  </testcase> <!-- testcase3 -->
</testsuite> <!-- Default test -->
