<?xml version="1.0" encoding="UTF-8"?>
<!-- Generated by org.testng.reporters.JUnitXMLReporter -->
<testsuite ignored="2" hostname="apples-MacBook-Air.local" failures="0" tests="18" name="Test" time="127.307" errors="0" timestamp="2023-10-24T11:07:38 IST">
  <testcase classname="FacilGoLogin.TestCases" name="testcase1" time="2.845"/>
  <testcase classname="FacilGoLogin.TestCases" name="testcase2" time="6.415"/>
  <testcase classname="FacilGoLogin.TestCases" name="testcase3" time="5.107"/>
  <testcase classname="FacilGoLogin.TestCases" name="testcase4" time="5.783"/>
  <testcase classname="FacilGoLogin.TestCases" name="testcase5" time="5.653"/>
  <testcase classname="FacilGoLogin.TestCases" name="testcase8" time="11.61"/>
  <testcase classname="FacilGoLogin.TestCases" name="testcase10" time="2.519"/>
  <testcase classname="FacilGoLogin.TestCases" name="testcase14" time="0.161"/>
  <testcase classname="FacilGoLogin.TestCases" name="testcase15" time="0.129"/>
  <testcase classname="FacilGoLogin.TestCases" name="testcase16" time="20.072"/>
  <testcase classname="FacilGoLogin.TestCases" name="testcase18" time="14.345"/>
  <testcase classname="FacilGoLogin.TestCases" name="testcase19" time="3.135"/>
  <testcase classname="FacilGoLogin.TestCases" name="testcase20" time="2.24"/>
  <testcase classname="FacilGoLogin.TestCases" name="testcase21" time="2.181"/>
  <testcase classname="FacilGoLogin.TestCases" name="testcase22" time="1.943"/>
  <testcase classname="FacilGoLogin.TestCases" name="testcase23" time="2.199"/>
  <testcase classname="FacilGoLogin.TestCases" name="testcase24" time="7.793"/>
  <testcase classname="FacilGoLogin.TestCases" name="testcase25" time="5.08"/>
  <testcase classname="FacilGoLogin.TestCases" name="testcase9" time="0.0">
    <ignored/>
  </testcase> <!-- testcase9 -->
  <testcase classname="FacilGoLogin.TestCases" name="testcase7" time="0.0">
    <ignored/>
  </testcase> <!-- testcase7 -->
</testsuite> <!-- Test -->
