<?xml version="1.0" encoding="UTF-8"?>
<!-- Generated by org.testng.reporters.JUnitXMLReporter -->
<testsuite ignored="2" hostname="apples-MacBook-Air.local" failures="0" tests="18" name="Test" time="97.249" errors="0" timestamp="2023-11-08T10:14:07 IST">
  <testcase classname="FacilGoLogin.TestCases" name="testcase1" time="1.211"/>
  <testcase classname="FacilGoLogin.TestCases" name="testcase2" time="5.892"/>
  <testcase classname="FacilGoLogin.TestCases" name="testcase3" time="5.686"/>
  <testcase classname="FacilGoLogin.TestCases" name="testcase4" time="4.939"/>
  <testcase classname="FacilGoLogin.TestCases" name="testcase5" time="5.026"/>
  <testcase classname="FacilGoLogin.TestCases" name="testcase8" time="10.811"/>
  <testcase classname="FacilGoLogin.TestCases" name="testcase10" time="1.584"/>
  <testcase classname="FacilGoLogin.TestCases" name="testcase14" time="0.116"/>
  <testcase classname="FacilGoLogin.TestCases" name="testcase15" time="0.098"/>
  <testcase classname="FacilGoLogin.TestCases" name="testcase16" time="16.913"/>
  <testcase classname="FacilGoLogin.TestCases" name="testcase18" time="11.999"/>
  <testcase classname="FacilGoLogin.TestCases" name="testcase19" time="1.876"/>
  <testcase classname="FacilGoLogin.TestCases" name="testcase20" time="1.569"/>
  <testcase classname="FacilGoLogin.TestCases" name="testcase21" time="1.177"/>
  <testcase classname="FacilGoLogin.TestCases" name="testcase22" time="1.257"/>
  <testcase classname="FacilGoLogin.TestCases" name="testcase23" time="4.989"/>
  <testcase classname="FacilGoLogin.TestCases" name="testcase24" time="2.605"/>
  <testcase classname="FacilGoLogin.TestCases" name="testcase25" time="5.085"/>
  <testcase classname="FacilGoLogin.TestCases" name="testcase7" time="0.0">
    <ignored/>
  </testcase> <!-- testcase7 -->
  <testcase classname="FacilGoLogin.TestCases" name="testcase9" time="0.0">
    <ignored/>
  </testcase> <!-- testcase9 -->
</testsuite> <!-- Test -->
