<?xml version="1.0" encoding="UTF-8"?>
<testsuite xmlns:xsi="http://www.w3.org/2001/XMLSchema-instance" xsi:noNamespaceSchemaLocation="https://maven.apache.org/surefire/maven-surefire-plugin/xsd/surefire-test-report-3.0.xsd" version="3.0" name="TestSuite" time="103.149" tests="18" errors="0" skipped="0" failures="0">
  <properties>
[...]
</properties>
  <testcase name="testcase1" classname="FacilGoLogin.TestCases" time="1.216">
    <system-out><![CDATA[
Username field is working properly
]]></system-out>
    <system-err><![CDATA[SLF4J: Failed to load class "org.slf4j.impl.StaticLoggerBinder".
SLF4J: Defaulting to no-operation (NOP) logger implementation
SLF4J: See http://www.slf4j.org/codes.html#StaticLoggerBinder for further details.
Nov 08, 2023 10:12:28 AM org.openqa.selenium.devtools.CdpVersionFinder findNearestMatch
WARNING: Unable to find an exact match for CDP version 119, returning the closest version; found: 118; Please update to a Selenium version that supports CDP version 119
]]></system-err>
  </testcase>
  <testcase name="testcase2" classname="FacilGoLogin.TestCases" time="5.887">
    <system-out><![CDATA[
×
Failed - Account is not active.
]]></system-out>
  </testcase>
  <testcase name="testcase3" classname="FacilGoLogin.TestCases" time="5.685">
    <system-out><![CDATA[
×
Failed - Invalid username/password.
]]></system-out>
  </testcase>
  <testcase name="testcase4" classname="FacilGoLogin.TestCases" time="4.942">
    <system-out><![CDATA[
×
Failed - Invalid username/password.
]]></system-out>
  </testcase>
  <testcase name="testcase5" classname="FacilGoLogin.TestCases" time="5.028">
    <system-out><![CDATA[
×
Failed - Invalid username/password.
]]></system-out>
  </testcase>
  <testcase name="testcase8" classname="FacilGoLogin.TestCases" time="10.807">
    <system-out><![CDATA[
Error message functionality is working 
]]></system-out>
  </testcase>
  <testcase name="testcase10" classname="FacilGoLogin.TestCases" time="1.585"/>
  <testcase name="testcase14" classname="FacilGoLogin.TestCases" time="0.117">
    <system-out><![CDATA[
User redirected to FacilGo homepage
]]></system-out>
  </testcase>
  <testcase name="testcase15" classname="FacilGoLogin.TestCases" time="0.098">
    <system-out><![CDATA[
Error message functionality is failed
]]></system-out>
  </testcase>
  <testcase name="testcase16" classname="FacilGoLogin.TestCases" time="16.913">
    <system-out><![CDATA[
Tab is working properly
]]></system-out>
  </testcase>
  <testcase name="testcase18" classname="FacilGoLogin.TestCases" time="11.999">
    <system-out><![CDATA[
redirected to solutions page
]]></system-out>
  </testcase>
  <testcase name="testcase19" classname="FacilGoLogin.TestCases" time="1.878">
    <system-out><![CDATA[
redirected to markets page
]]></system-out>
  </testcase>
  <testcase name="testcase20" classname="FacilGoLogin.TestCases" time="1.567">
    <system-out><![CDATA[
redirected to suppliers page
]]></system-out>
  </testcase>
  <testcase name="testcase21" classname="FacilGoLogin.TestCases" time="1.18">
    <system-out><![CDATA[
redirected to Company page
]]></system-out>
  </testcase>
  <testcase name="testcase22" classname="FacilGoLogin.TestCases" time="1.256">
    <system-out><![CDATA[
redirected to blog page
]]></system-out>
  </testcase>
  <testcase name="testcase23" classname="FacilGoLogin.TestCases" time="4.991">
    <system-out><![CDATA[
redirected to company page
]]></system-out>
  </testcase>
  <testcase name="testcase24" classname="FacilGoLogin.TestCases" time="2.605">
    <system-out><![CDATA[
Redirected to facilgo login page
]]></system-out>
  </testcase>
  <testcase name="testcase25" classname="FacilGoLogin.TestCases" time="5.085">
    <system-out><![CDATA[
copy right information is properly mentioned 
]]></system-out>
  </testcase>
</testsuite>