<?xml version="1.0" encoding="UTF-8"?>
<testng-results ignored="2" total="20" passed="18" failed="0" skipped="0">
  <reporter-output>
  </reporter-output>
  <suite started-at="2023-10-24T11:05:26 IST" name="Suite" finished-at="2023-10-24T11:07:33 IST" duration-ms="127307">
    <groups>
    </groups>
    <test started-at="2023-10-24T11:05:26 IST" name="Test" finished-at="2023-10-24T11:07:33 IST" duration-ms="127307">
      <class name="FacilGoLogin.TestCases">
        <test-method is-config="true" signature="setup()[pri:0, instance:FacilGoLogin.TestCases@4386f16]" started-at="2023-10-24T11:05:26 IST" name="setup" finished-at="2023-10-24T11:05:54 IST" duration-ms="27660" status="PASS">
          <reporter-output>
          </reporter-output>
        </test-method> <!-- setup -->
        <test-method signature="testcase1()[pri:0, instance:FacilGoLogin.TestCases@4386f16]" started-at="2023-10-24T11:05:54 IST" name="testcase1" finished-at="2023-10-24T11:05:57 IST" duration-ms="2845" status="PASS">
          <reporter-output>
          </reporter-output>
        </test-method> <!-- testcase1 -->
        <test-method signature="testcase2()[pri:0, instance:FacilGoLogin.TestCases@4386f16]" started-at="2023-10-24T11:05:57 IST" name="testcase2" finished-at="2023-10-24T11:06:03 IST" duration-ms="6415" status="PASS">
          <reporter-output>
          </reporter-output>
        </test-method> <!-- testcase2 -->
        <test-method signature="testcase3()[pri:0, instance:FacilGoLogin.TestCases@4386f16]" started-at="2023-10-24T11:06:03 IST" name="testcase3" finished-at="2023-10-24T11:06:08 IST" duration-ms="5107" status="PASS">
          <reporter-output>
          </reporter-output>
        </test-method> <!-- testcase3 -->
        <test-method signature="testcase4()[pri:0, instance:FacilGoLogin.TestCases@4386f16]" started-at="2023-10-24T11:06:08 IST" name="testcase4" finished-at="2023-10-24T11:06:14 IST" duration-ms="5783" status="PASS">
          <reporter-output>
          </reporter-output>
        </test-method> <!-- testcase4 -->
        <test-method signature="testcase5()[pri:0, instance:FacilGoLogin.TestCases@4386f16]" started-at="2023-10-24T11:06:14 IST" name="testcase5" finished-at="2023-10-24T11:06:20 IST" duration-ms="5653" status="PASS">
          <reporter-output>
          </reporter-output>
        </test-method> <!-- testcase5 -->
        <test-method signature="testcase8()[pri:0, instance:FacilGoLogin.TestCases@4386f16]" started-at="2023-10-24T11:06:20 IST" name="testcase8" finished-at="2023-10-24T11:06:31 IST" duration-ms="11610" status="PASS">
          <reporter-output>
          </reporter-output>
        </test-method> <!-- testcase8 -->
        <test-method signature="testcase10()[pri:0, instance:FacilGoLogin.TestCases@4386f16]" started-at="2023-10-24T11:06:31 IST" name="testcase10" finished-at="2023-10-24T11:06:34 IST" duration-ms="2519" status="PASS">
          <reporter-output>
          </reporter-output>
        </test-method> <!-- testcase10 -->
        <test-method signature="testcase14()[pri:0, instance:FacilGoLogin.TestCases@4386f16]" started-at="2023-10-24T11:06:34 IST" name="testcase14" finished-at="2023-10-24T11:06:34 IST" duration-ms="161" status="PASS">
          <reporter-output>
          </reporter-output>
        </test-method> <!-- testcase14 -->
        <test-method signature="testcase15()[pri:0, instance:FacilGoLogin.TestCases@4386f16]" started-at="2023-10-24T11:06:34 IST" name="testcase15" finished-at="2023-10-24T11:06:34 IST" duration-ms="129" status="PASS">
          <reporter-output>
          </reporter-output>
        </test-method> <!-- testcase15 -->
        <test-method signature="testcase16()[pri:0, instance:FacilGoLogin.TestCases@4386f16]" started-at="2023-10-24T11:06:34 IST" name="testcase16" finished-at="2023-10-24T11:06:54 IST" duration-ms="20072" status="PASS">
          <reporter-output>
          </reporter-output>
        </test-method> <!-- testcase16 -->
        <test-method signature="testcase18()[pri:0, instance:FacilGoLogin.TestCases@4386f16]" started-at="2023-10-24T11:06:54 IST" name="testcase18" finished-at="2023-10-24T11:07:08 IST" duration-ms="14345" status="PASS">
          <reporter-output>
          </reporter-output>
        </test-method> <!-- testcase18 -->
        <test-method signature="testcase19()[pri:0, instance:FacilGoLogin.TestCases@4386f16]" started-at="2023-10-24T11:07:08 IST" name="testcase19" finished-at="2023-10-24T11:07:12 IST" duration-ms="3135" status="PASS">
          <reporter-output>
          </reporter-output>
        </test-method> <!-- testcase19 -->
        <test-method signature="testcase20()[pri:0, instance:FacilGoLogin.TestCases@4386f16]" started-at="2023-10-24T11:07:12 IST" name="testcase20" finished-at="2023-10-24T11:07:14 IST" duration-ms="2240" status="PASS">
          <reporter-output>
          </reporter-output>
        </test-method> <!-- testcase20 -->
        <test-method signature="testcase21()[pri:0, instance:FacilGoLogin.TestCases@4386f16]" started-at="2023-10-24T11:07:14 IST" name="testcase21" finished-at="2023-10-24T11:07:16 IST" duration-ms="2181" status="PASS">
          <reporter-output>
          </reporter-output>
        </test-method> <!-- testcase21 -->
        <test-method signature="testcase22()[pri:0, instance:FacilGoLogin.TestCases@4386f16]" started-at="2023-10-24T11:07:16 IST" name="testcase22" finished-at="2023-10-24T11:07:18 IST" duration-ms="1943" status="PASS">
          <reporter-output>
          </reporter-output>
        </test-method> <!-- testcase22 -->
        <test-method signature="testcase23()[pri:0, instance:FacilGoLogin.TestCases@4386f16]" started-at="2023-10-24T11:07:18 IST" name="testcase23" finished-at="2023-10-24T11:07:20 IST" duration-ms="2199" status="PASS">
          <reporter-output>
          </reporter-output>
        </test-method> <!-- testcase23 -->
        <test-method signature="testcase24()[pri:0, instance:FacilGoLogin.TestCases@4386f16]" started-at="2023-10-24T11:07:20 IST" name="testcase24" finished-at="2023-10-24T11:07:28 IST" duration-ms="7793" status="PASS">
          <reporter-output>
          </reporter-output>
        </test-method> <!-- testcase24 -->
        <test-method signature="testcase25()[pri:0, instance:FacilGoLogin.TestCases@4386f16]" started-at="2023-10-24T11:07:28 IST" name="testcase25" finished-at="2023-10-24T11:07:33 IST" duration-ms="5080" status="PASS">
          <reporter-output>
          </reporter-output>
        </test-method> <!-- testcase25 -->
        <test-method is-config="true" signature="close()[pri:0, instance:FacilGoLogin.TestCases@4386f16]" started-at="2023-10-24T11:07:33 IST" name="close" finished-at="2023-10-24T11:07:33 IST" duration-ms="324" status="PASS">
          <reporter-output>
          </reporter-output>
        </test-method> <!-- close -->
      </class> <!-- FacilGoLogin.TestCases -->
    </test> <!-- Test -->
  </suite> <!-- Suite -->
</testng-results>
